<?xml version="1.0" encoding="UTF-8"?>
<testng-results ignored="0" total="2" passed="2" failed="0" skipped="0">
  <reporter-output>
  </reporter-output>
  <suite started-at="2022-06-21T20:58:43 IST" name="Default suite" finished-at="2022-06-21T20:59:55 IST" duration-ms="71529">
    <groups>
    </groups>
    <test started-at="2022-06-21T20:58:43 IST" name="Default test" finished-at="2022-06-21T20:59:55 IST" duration-ms="71529">
      <class name="appium_framework.MobileTesting">
        <test-method is-config="true" signature="beforeClass()[pri:0, instance:appium_framework.MobileTesting@120f102b]" started-at="2022-06-21T20:58:43 IST" name="beforeClass" finished-at="2022-06-21T20:58:43 IST" duration-ms="171" status="PASS">
          <reporter-output>
          </reporter-output>
        </test-method> <!-- beforeClass -->
        <test-method is-config="true" signature="beforeMethod()[pri:0, instance:appium_framework.MobileTesting@120f102b]" started-at="2022-06-21T20:58:43 IST" name="beforeMethod" finished-at="2022-06-21T20:58:51 IST" duration-ms="7981" status="PASS">
          <reporter-output>
          </reporter-output>
        </test-method> <!-- beforeMethod -->
        <test-method signature="scrollToBottom()[pri:0, instance:appium_framework.MobileTesting@120f102b]" started-at="2022-06-21T20:58:51 IST" name="scrollToBottom" finished-at="2022-06-21T20:59:31 IST" duration-ms="40019" status="PASS">
          <reporter-output>
          </reporter-output>
        </test-method> <!-- scrollToBottom -->
        <test-method is-config="true" signature="afterMethod()[pri:0, instance:appium_framework.MobileTesting@120f102b]" started-at="2022-06-21T20:59:31 IST" name="afterMethod" finished-at="2022-06-21T20:59:32 IST" duration-ms="607" status="PASS">
          <reporter-output>
          </reporter-output>
        </test-method> <!-- afterMethod -->
        <test-method is-config="true" signature="beforeMethod()[pri:0, instance:appium_framework.MobileTesting@120f102b]" started-at="2022-06-21T20:59:32 IST" name="beforeMethod" finished-at="2022-06-21T20:59:39 IST" duration-ms="7009" status="PASS">
          <reporter-output>
          </reporter-output>
        </test-method> <!-- beforeMethod -->
        <test-method signature="swipeRightToLeft()[pri:0, instance:appium_framework.MobileTesting@120f102b]" started-at="2022-06-21T20:59:39 IST" name="swipeRightToLeft" finished-at="2022-06-21T20:59:54 IST" duration-ms="15029" status="PASS">
          <reporter-output>
          </reporter-output>
        </test-method> <!-- swipeRightToLeft -->
        <test-method is-config="true" signature="afterMethod()[pri:0, instance:appium_framework.MobileTesting@120f102b]" started-at="2022-06-21T20:59:54 IST" name="afterMethod" finished-at="2022-06-21T20:59:55 IST" duration-ms="570" status="PASS">
          <reporter-output>
          </reporter-output>
        </test-method> <!-- afterMethod -->
        <test-method is-config="true" signature="afterClass()[pri:0, instance:appium_framework.MobileTesting@120f102b]" started-at="2022-06-21T20:59:55 IST" name="afterClass" finished-at="2022-06-21T20:59:55 IST" duration-ms="121" status="PASS">
          <reporter-output>
          </reporter-output>
        </test-method> <!-- afterClass -->
      </class> <!-- appium_framework.MobileTesting -->
    </test> <!-- Default test -->
  </suite> <!-- Default suite -->
</testng-results>
